<?xml version="1.0" encoding="utf-8"?><testsuites><testsuite errors="0" failures="0" hostname="hehuaimeideMacBook-Pro.local" name="pytest" skipped="0" tests="1" time="53.413" timestamp="2020-07-15T19:38:51.160822"><testcase classname="test_case.test_01_login.TestLogin" file="test_case/test_01_login.py" line="27" name="test_login_01_custom_login[18500228275-123456-\u767b\u5f55\u6210\u529f]" time="53.369"></testcase></testsuite></testsuites>