<?xml version="1.0" encoding="utf-8"?><testsuites><testsuite errors="0" failures="0" hostname="hehuaimeideMacBook-Pro.local" name="pytest" skipped="0" tests="2" time="0.082" timestamp="2020-07-20T11:27:39.468575"><testcase classname="test_11_parametrize_ids.TestPara" file="test_11_parametrize_ids.py" line="6" name="test_login[case1_0000]" time="0.002"></testcase><testcase classname="test_11_parametrize_ids.TestPara" file="test_11_parametrize_ids.py" line="6" name="test_login[case2_8275]" time="0.003"></testcase></testsuite></testsuites>